<?xml version="1.0" encoding="utf-8"?><testsuites><testsuite errors="0" failures="0" hostname="fv-az102" name="pytest" skipped="0" tests="4" time="0.314" timestamp="2020-02-25T20:55:13.795981"><testcase classname="zdevelop.tests.test_errors" file="zdevelop/tests/test_errors.py" line="5" name="test_spanreed_code_compliance" time="0.001"><system-out>checking: CoughError from module: isleservice_objects.errors
</system-out></testcase><testcase classname="zdevelop.tests.test_models" file="zdevelop/tests/test_models.py" line="3" name="test_name_full" time="0.001"></testcase><testcase classname="zdevelop.tests.test_models" file="zdevelop/tests/test_models.py" line="7" name="test_enemy_addressable" time="0.001"></testcase><testcase classname="zdevelop.tests.test_schemas" file="zdevelop/tests/test_schemas.py" line="3" name="test_name_validation_fails" time="0.002"></testcase></testsuite></testsuites>